<?xml version="1.0" encoding="UTF-8"?>
<testsuite name="com.HashTable.HashTableTest" tests="2" skipped="0" failures="0" errors="0" timestamp="2021-03-16T09:20:48" hostname="Manojs-MacBook-Air.local" time="0.03">
  <properties/>
  <testcase name="find_frequency_of_given_words()" classname="com.HashTable.HashTableTest" time="0.025"/>
  <testcase name="find_frequency_of_given_paragraph()" classname="com.HashTable.HashTableTest" time="0.003"/>
  <system-out><![CDATA[HashTable{LinkedListNode{Map Node{K=to V=2}->Map Node{K=be V=2}->Map Node{K=or V=1}->Map Node{K=not V=1}}}
HashTable{LinkedListNode{Map Node{K=paranoids V=1}->Map Node{K=are V=2}->Map Node{K=notparanoid V=1}->Map Node{K=because V=1}->Map Node{K=they V=2}->Map Node{K=paranoid V=2}->Map Node{K=butbecause V=1}->Map Node{K=keep V=1}->Map Node{K=putting V=1}->Map Node{K=themselvesdeliberately V=1}->Map Node{K=into V=1}->Map Node{K=avoidablesituations V=1}}}
]]></system-out>
  <system-err><![CDATA[]]></system-err>
</testsuite>
